<?xml version="1.0" encoding="UTF-8"?>
<!-- Generated by org.testng.reporters.JUnitXMLReporter -->
<testsuite hostname="Soumyajit" ignored="1" name="Default test" tests="1" failures="0" timestamp="2022-03-29T17:48:28 IST" time="0.181" errors="0">
  <testcase name="insertData" time="0.153" classname="com.practiceMaven.DataBaseUtilityPractice"/>
  <testcase name="fetchData" time="0.0" classname="com.practiceMaven.DataBaseUtilityPractice">
    <ignored/>
  </testcase> <!-- fetchData -->
</testsuite> <!-- Default test -->
