<?xml version="1.0" encoding="UTF-8"?>
<testng-results skipped="0" failed="0" ignored="1" total="2" passed="1">
  <reporter-output>
  </reporter-output>
  <suite name="Default suite" duration-ms="181" started-at="2022-03-29T17:48:28 IST" finished-at="2022-03-29T17:48:28 IST">
    <groups>
    </groups>
    <test name="Default test" duration-ms="181" started-at="2022-03-29T17:48:28 IST" finished-at="2022-03-29T17:48:28 IST">
      <class name="com.practiceMaven.DataBaseUtilityPractice">
        <test-method status="PASS" signature="insertData()[pri:0, instance:com.practiceMaven.DataBaseUtilityPractice@64f6106c]" name="insertData" duration-ms="153" started-at="2022-03-29T17:48:28 IST" finished-at="2022-03-29T17:48:28 IST">
          <reporter-output>
          </reporter-output>
        </test-method> <!-- insertData -->
      </class> <!-- com.practiceMaven.DataBaseUtilityPractice -->
    </test> <!-- Default test -->
  </suite> <!-- Default suite -->
</testng-results>
