<?xml version="1.0" encoding="UTF-8"?>
<!-- Generated by org.testng.reporters.JUnitXMLReporter -->
<testsuite hostname="Soumyajit" ignored="4" name="Test" tests="2" failures="0" timestamp="2022-03-23T17:33:30 IST" time="24.229" errors="0">
  <testcase name="createContactWithMandatoryFields" time="9.597" classname="com.crm.autodesk.contactsPOMTest.CreateContactWithMandatoryFieldsTest"/>
  <testcase name="createContactWithOrganization" time="16.208" classname="com.crm.autodesk.contactsPOMTest.CreateContactWithOrganization"/>
  <testcase name="@BeforeSuite beforeSuite" time="0.0" classname="com.crm.autodesk.commonutility.BaseClass">
    <ignored/>
  </testcase> <!-- @BeforeSuite beforeSuite -->
  <testcase name="@BeforeTest beforeTest" time="0.0" classname="com.crm.autodesk.commonutility.BaseClass">
    <ignored/>
  </testcase> <!-- @BeforeTest beforeTest -->
  <testcase name="@AfterSuite afterSuite" time="0.0" classname="com.crm.autodesk.commonutility.BaseClass">
    <ignored/>
  </testcase> <!-- @AfterSuite afterSuite -->
  <testcase name="@AfterTest afterTest" time="0.0" classname="com.crm.autodesk.commonutility.BaseClass">
    <ignored/>
  </testcase> <!-- @AfterTest afterTest -->
</testsuite> <!-- Test -->
